<?xml version="1.0" encoding="UTF-8"?>
<!-- Generated by org.testng.reporters.JUnitReportReporter -->
<testsuite hostname="DESKTOP-R0P7LMN" failures="0" tests="1" name="SampleTest.SampleTest.SeleniumTest" time="0.028" errors="0" timestamp="22 Mar 2023 15:14:48 GMT" skipped="0">
  <testcase classname="SampleTest.SampleTest.SeleniumTest" name="SeleniumTest" time="0.028"/>
</testsuite> <!-- SampleTest.SampleTest.SeleniumTest -->
