<?xml version="1.0" encoding="UTF-8"?>
<!-- Generated by org.testng.reporters.JUnitReportReporter -->
<testsuite hostname="DESKTOP-R0P7LMN" failures="0" tests="1" name="SampleTest.SampleTest.SeleniumTest" time="0.060" errors="0" timestamp="19 Mar 2023 08:44:14 GMT" skipped="0">
  <testcase classname="SampleTest.SampleTest.SeleniumTest" name="SeleniumTest" time="0.060"/>
</testsuite> <!-- SampleTest.SampleTest.SeleniumTest -->
