<?xml version="1.0" encoding="UTF-8"?>
<!-- Generated by org.testng.reporters.JUnitReportReporter -->
<testsuite hostname="DESKTOP-R0P7LMN" failures="0" tests="1" name="SampleTest.SampleTest.SeleniumTest" time="0.026" errors="0" timestamp="2023-03-22T21:30:25 IST" skipped="0">
  <testcase classname="SampleTest.SampleTest.SeleniumTest" name="SeleniumTest" time="0.026"/>
  <system-out/>
</testsuite> <!-- SampleTest.SampleTest.SeleniumTest -->
